manifest-merger-release-report.txt
-- Merging decision tree log ---
manifest
ADDED from AndroidManifest.xml:2:1
	package
		ADDED from AndroidManifest.xml:3:5
		INJECTED from AndroidManifest.xml:0:0
		INJECTED from AndroidManifest.xml:0:0
	android:versionName
		INJECTED from AndroidManifest.xml:0:0
		INJECTED from AndroidManifest.xml:0:0
	xmlns:android
		ADDED from AndroidManifest.xml:2:11
	android:versionCode
		INJECTED from AndroidManifest.xml:0:0
		INJECTED from AndroidManifest.xml:0:0
uses-permission#android.permission.READ_CONTACTS
ADDED from AndroidManifest.xml:5:5
	android:name
		ADDED from AndroidManifest.xml:5:22
uses-permission#android.permission.CALL_PHONE
ADDED from AndroidManifest.xml:6:5
	android:name
		ADDED from AndroidManifest.xml:6:22
uses-permission#android.permission.RECEIVE_BOOT_COMPLETED
ADDED from AndroidManifest.xml:7:5
	android:name
		ADDED from AndroidManifest.xml:7:22
uses-permission#android.permission.INTERNET
ADDED from AndroidManifest.xml:8:5
	android:name
		ADDED from AndroidManifest.xml:8:22
uses-permission#android.permission.ACCESS_NETWORK_STATE
ADDED from AndroidManifest.xml:9:5
	android:name
		ADDED from AndroidManifest.xml:9:22
uses-permission#android.permission.WRITE_EXTERNAL_STORAGE
ADDED from AndroidManifest.xml:10:5
	android:name
		ADDED from AndroidManifest.xml:10:22
uses-permission#com.google.android.providers.gsf.permission.READ_GSERVICES
ADDED from AndroidManifest.xml:11:5
	android:name
		ADDED from AndroidManifest.xml:11:22
uses-permission#android.permission.ACCESS_COARSE_LOCATION
ADDED from AndroidManifest.xml:16:5
	android:name
		ADDED from AndroidManifest.xml:16:22
uses-permission#android.permission.ACCESS_FINE_LOCATION
ADDED from AndroidManifest.xml:17:5
	android:name
		ADDED from AndroidManifest.xml:17:22
application
ADDED from AndroidManifest.xml:19:5
MERGED from com.android.support:support-v4:21.0.3:16:5
MERGED from com.android.support:support-v13:21.0.3:16:5
MERGED from com.android.support:support-v4:21.0.3:16:5
MERGED from com.android.support:support-v4:21.0.3:16:5
MERGED from com.android.support:appcompat-v7:21.0.3:16:5
MERGED from com.android.support:support-v4:21.0.3:16:5
	android:label
		ADDED from AndroidManifest.xml:23:9
	android:hardwareAccelerated
		ADDED from AndroidManifest.xml:21:9
	android:allowBackup
		ADDED from AndroidManifest.xml:20:9
	android:icon
		ADDED from AndroidManifest.xml:22:9
	android:theme
		ADDED from AndroidManifest.xml:25:9
	android:logo
		ADDED from AndroidManifest.xml:24:9
activity#com.lecz.clubdelosvencedores.register.RegisterActivityOne
ADDED from AndroidManifest.xml:26:9
	android:screenOrientation
		ADDED from AndroidManifest.xml:29:13
	android:label
		ADDED from AndroidManifest.xml:28:13
	android:theme
		ADDED from AndroidManifest.xml:30:13
	android:name
		ADDED from AndroidManifest.xml:27:13
activity#com.lecz.clubdelosvencedores.register.RegisterActivityTwo
ADDED from AndroidManifest.xml:32:9
	android:screenOrientation
		ADDED from AndroidManifest.xml:35:13
	android:label
		ADDED from AndroidManifest.xml:34:13
	android:theme
		ADDED from AndroidManifest.xml:36:13
	android:name
		ADDED from AndroidManifest.xml:33:13
activity#com.lecz.clubdelosvencedores.register.RegisterActivityTwov2
ADDED from AndroidManifest.xml:38:9
	android:screenOrientation
		ADDED from AndroidManifest.xml:41:13
	android:label
		ADDED from AndroidManifest.xml:40:13
	android:name
		ADDED from AndroidManifest.xml:39:13
activity#com.lecz.clubdelosvencedores.register.ActivityFriends
ADDED from AndroidManifest.xml:43:9
	android:screenOrientation
		ADDED from AndroidManifest.xml:46:13
	android:label
		ADDED from AndroidManifest.xml:45:13
	android:theme
		ADDED from AndroidManifest.xml:47:13
	android:name
		ADDED from AndroidManifest.xml:44:13
receiver#com.lecz.clubdelosvencedores.general.BroadcastService
ADDED from AndroidManifest.xml:50:9
	android:name
		ADDED from AndroidManifest.xml:50:19
intent-filter#android.intent.action.BOOT_COMPLETED
ADDED from AndroidManifest.xml:51:13
action#android.intent.action.BOOT_COMPLETED
ADDED from AndroidManifest.xml:52:17
	android:name
		ADDED from AndroidManifest.xml:52:25
receiver#com.lecz.clubdelosvencedores.general.BroadcastNotification
ADDED from AndroidManifest.xml:55:9
	android:name
		ADDED from AndroidManifest.xml:55:19
service#com.lecz.clubdelosvencedores.general.NotificationService
ADDED from AndroidManifest.xml:61:9
	android:label
		ADDED from AndroidManifest.xml:64:13
	android:icon
		ADDED from AndroidManifest.xml:63:13
	android:name
		ADDED from AndroidManifest.xml:62:13
activity#com.lecz.clubdelosvencedores.general.CallFiendsActivity
ADDED from AndroidManifest.xml:67:9
	android:screenOrientation
		ADDED from AndroidManifest.xml:71:13
	android:label
		ADDED from AndroidManifest.xml:69:13
	android:parentActivityName
		ADDED from AndroidManifest.xml:70:13
	android:windowSoftInputMode
		ADDED from AndroidManifest.xml:72:13
	android:name
		ADDED from AndroidManifest.xml:68:13
meta-data#android.support.PARENT_ACTIVITY
ADDED from AndroidManifest.xml:73:13
	android:value
		ADDED from AndroidManifest.xml:75:17
	android:name
		ADDED from AndroidManifest.xml:74:17
activity#com.lecz.clubdelosvencedores.general.CallContactActivity
ADDED from AndroidManifest.xml:77:9
	android:screenOrientation
		ADDED from AndroidManifest.xml:81:13
	android:label
		ADDED from AndroidManifest.xml:79:13
	android:parentActivityName
		ADDED from AndroidManifest.xml:80:13
	android:windowSoftInputMode
		ADDED from AndroidManifest.xml:82:13
	android:name
		ADDED from AndroidManifest.xml:78:13
activity#com.lecz.clubdelosvencedores.Game.Game
ADDED from AndroidManifest.xml:87:9
	android:screenOrientation
		ADDED from AndroidManifest.xml:91:13
	android:label
		ADDED from AndroidManifest.xml:89:13
	android:parentActivityName
		ADDED from AndroidManifest.xml:90:13
	android:name
		ADDED from AndroidManifest.xml:88:13
activity#com.lecz.clubdelosvencedores.MyActivity
ADDED from AndroidManifest.xml:96:9
	android:screenOrientation
		ADDED from AndroidManifest.xml:99:13
	android:label
		ADDED from AndroidManifest.xml:98:13
	android:name
		ADDED from AndroidManifest.xml:97:13
activity#com.lecz.clubdelosvencedores.general.Activity_Articulo
ADDED from AndroidManifest.xml:101:9
	android:screenOrientation
		ADDED from AndroidManifest.xml:105:13
	android:label
		ADDED from AndroidManifest.xml:103:13
	android:parentActivityName
		ADDED from AndroidManifest.xml:104:13
	android:name
		ADDED from AndroidManifest.xml:102:13
activity#com.lecz.clubdelosvencedores.VideosActivity
ADDED from AndroidManifest.xml:110:9
	android:screenOrientation
		ADDED from AndroidManifest.xml:114:13
	android:label
		ADDED from AndroidManifest.xml:112:13
	android:parentActivityName
		ADDED from AndroidManifest.xml:113:13
	android:name
		ADDED from AndroidManifest.xml:111:13
activity#com.lecz.clubdelosvencedores.VideoPlayer
ADDED from AndroidManifest.xml:119:9
	android:screenOrientation
		ADDED from AndroidManifest.xml:123:13
	android:label
		ADDED from AndroidManifest.xml:121:13
	android:parentActivityName
		ADDED from AndroidManifest.xml:122:13
	android:name
		ADDED from AndroidManifest.xml:120:13
activity#com.lecz.clubdelosvencedores.PreGameActivity
ADDED from AndroidManifest.xml:128:9
	android:screenOrientation
		ADDED from AndroidManifest.xml:133:13
	android:label
		ADDED from AndroidManifest.xml:131:13
	android:parentActivityName
		ADDED from AndroidManifest.xml:132:13
	android:configChanges
		ADDED from AndroidManifest.xml:130:13
	android:name
		ADDED from AndroidManifest.xml:129:13
activity#com.lecz.clubdelosvencedores.ScoreGameActivity
ADDED from AndroidManifest.xml:138:9
	android:screenOrientation
		ADDED from AndroidManifest.xml:143:13
	android:label
		ADDED from AndroidManifest.xml:141:13
	android:parentActivityName
		ADDED from AndroidManifest.xml:142:13
	android:configChanges
		ADDED from AndroidManifest.xml:140:13
	android:name
		ADDED from AndroidManifest.xml:139:13
activity#com.lecz.clubdelosvencedores.AdviceActivity
ADDED from AndroidManifest.xml:148:9
	android:screenOrientation
		ADDED from AndroidManifest.xml:153:13
	android:label
		ADDED from AndroidManifest.xml:151:13
	android:parentActivityName
		ADDED from AndroidManifest.xml:152:13
	android:configChanges
		ADDED from AndroidManifest.xml:150:13
	android:name
		ADDED from AndroidManifest.xml:149:13
activity#com.lecz.clubdelosvencedores.UpdateInfoActivity
ADDED from AndroidManifest.xml:158:9
	android:screenOrientation
		ADDED from AndroidManifest.xml:163:13
	android:label
		ADDED from AndroidManifest.xml:161:13
	android:parentActivityName
		ADDED from AndroidManifest.xml:162:13
	android:configChanges
		ADDED from AndroidManifest.xml:160:13
	android:name
		ADDED from AndroidManifest.xml:159:13
activity#com.lecz.clubdelosvencedores.SplashActivity
ADDED from AndroidManifest.xml:168:9
	android:screenOrientation
		ADDED from AndroidManifest.xml:172:13
	android:label
		ADDED from AndroidManifest.xml:171:13
	android:configChanges
		ADDED from AndroidManifest.xml:170:13
	android:theme
		ADDED from AndroidManifest.xml:173:13
	android:name
		ADDED from AndroidManifest.xml:169:13
intent-filter#android.intent.action.MAIN+android.intent.category.LAUNCHER
ADDED from AndroidManifest.xml:174:13
action#android.intent.action.MAIN
ADDED from AndroidManifest.xml:175:17
	android:name
		ADDED from AndroidManifest.xml:175:25
category#android.intent.category.LAUNCHER
ADDED from AndroidManifest.xml:177:17
	android:name
		ADDED from AndroidManifest.xml:177:27
activity#com.lecz.clubdelosvencedores.InicialActivity
ADDED from AndroidManifest.xml:180:9
	android:screenOrientation
		ADDED from AndroidManifest.xml:184:13
	android:label
		ADDED from AndroidManifest.xml:183:13
	android:configChanges
		ADDED from AndroidManifest.xml:182:13
	android:theme
		ADDED from AndroidManifest.xml:185:13
	android:name
		ADDED from AndroidManifest.xml:181:13
activity#com.lecz.clubdelosvencedores.NewScoreGameActivity
ADDED from AndroidManifest.xml:187:9
	android:screenOrientation
		ADDED from AndroidManifest.xml:192:13
	android:label
		ADDED from AndroidManifest.xml:190:13
	android:parentActivityName
		ADDED from AndroidManifest.xml:191:13
	android:configChanges
		ADDED from AndroidManifest.xml:189:13
	android:name
		ADDED from AndroidManifest.xml:188:13
service#com.lecz.clubdelosvencedores.utilities.AdviceNotificationService
ADDED from AndroidManifest.xml:198:9
	android:enabled
		ADDED from AndroidManifest.xml:200:13
	android:exported
		ADDED from AndroidManifest.xml:201:13
	android:name
		ADDED from AndroidManifest.xml:199:13
service#com.lecz.clubdelosvencedores.utilities.AdviceNotificationServiceTwo
ADDED from AndroidManifest.xml:203:9
	android:enabled
		ADDED from AndroidManifest.xml:205:13
	android:exported
		ADDED from AndroidManifest.xml:206:13
	android:name
		ADDED from AndroidManifest.xml:204:13
activity#com.lecz.clubdelosvencedores.TourActivity
ADDED from AndroidManifest.xml:209:9
	android:screenOrientation
		ADDED from AndroidManifest.xml:213:13
	android:label
		ADDED from AndroidManifest.xml:212:13
	android:configChanges
		ADDED from AndroidManifest.xml:211:13
	android:theme
		ADDED from AndroidManifest.xml:214:13
	android:name
		ADDED from AndroidManifest.xml:210:13
activity#com.lecz.clubdelosvencedores.UpdatePlanActivity
ADDED from AndroidManifest.xml:216:9
	android:screenOrientation
		ADDED from AndroidManifest.xml:220:13
	android:label
		ADDED from AndroidManifest.xml:219:13
	android:configChanges
		ADDED from AndroidManifest.xml:218:13
	android:name
		ADDED from AndroidManifest.xml:217:13
meta-data#com.google.android.gms.version
ADDED from AndroidManifest.xml:223:9
	android:value
		ADDED from AndroidManifest.xml:225:13
	android:name
		ADDED from AndroidManifest.xml:224:13
meta-data#com.google.android.maps.v2.API_KEY
ADDED from AndroidManifest.xml:226:9
	android:value
		ADDED from AndroidManifest.xml:228:13
	android:name
		ADDED from AndroidManifest.xml:227:13
activity#com.lecz.clubdelosvencedores.general.GoogleMaps
ADDED from AndroidManifest.xml:230:9
	android:label
		ADDED from AndroidManifest.xml:232:13
	android:name
		ADDED from AndroidManifest.xml:231:13
uses-sdk
INJECTED from AndroidManifest.xml:0:0 reason: use-sdk injection requested
MERGED from com.android.support:support-v4:21.0.3:15:5
MERGED from com.android.support:support-v13:21.0.3:15:5
MERGED from com.android.support:support-v4:21.0.3:15:5
MERGED from com.google.android.gms:play-services:4.2.42:7:5
MERGED from com.android.support:support-v4:21.0.3:15:5
MERGED from com.android.support:appcompat-v7:21.0.3:15:5
MERGED from com.android.support:support-v4:21.0.3:15:5
	android:targetSdkVersion
		INJECTED from AndroidManifest.xml:0:0
		INJECTED from AndroidManifest.xml:0:0
	android:minSdkVersion
		INJECTED from AndroidManifest.xml:0:0
		INJECTED from AndroidManifest.xml:0:0